<?xml version="1.0" encoding="UTF-8"?>
<testng-results ignored="0" total="1" passed="1" failed="0" skipped="0">
  <reporter-output>
  </reporter-output>
  <suite started-at="2023-09-07T17:44:20 IST" name="Default suite" finished-at="2023-09-07T17:44:33 IST" duration-ms="12203">
    <groups>
    </groups>
    <test started-at="2023-09-07T17:44:20 IST" name="Default test" finished-at="2023-09-07T17:44:33 IST" duration-ms="12203">
      <class name="testcases.demo">
        <test-method signature="TestYt()[pri:0, instance:testcases.demo@3835c46]" started-at="2023-09-07T17:44:20 IST" name="TestYt" finished-at="2023-09-07T17:44:32 IST" duration-ms="12129" status="PASS">
          <reporter-output>
          </reporter-output>
        </test-method> <!-- TestYt -->
      </class> <!-- testcases.demo -->
    </test> <!-- Default test -->
  </suite> <!-- Default suite -->
</testng-results>
